<?xml version="1.0" encoding="UTF-8"?>
<!-- Generated by org.testng.reporters.JUnitXMLReporter -->
<testsuite hostname="Gerald-PC" ignored="3" name="Default test" tests="1" failures="0" timestamp="13 Sep 2019 11:14:44 GMT" time="49.559" errors="0">
  <testcase name="Profile_0032" time="46.472" classname="WOG.AppiumFramework.ProfileTest"/>
  <testcase name="Profile_0031" time="0.0" classname="WOG.AppiumFramework.ProfileTest">
    <ignored/>
  </testcase> <!-- Profile_0031 -->
  <testcase name="Profile_0029" time="0.0" classname="WOG.AppiumFramework.ProfileTest">
    <ignored/>
  </testcase> <!-- Profile_0029 -->
  <testcase name="Profile_0030" time="0.0" classname="WOG.AppiumFramework.ProfileTest">
    <ignored/>
  </testcase> <!-- Profile_0030 -->
</testsuite> <!-- Default test -->
