<?xml version="1.0" encoding="UTF-8"?>
<!-- Generated by org.testng.reporters.JUnitXMLReporter -->
<testsuite hostname="Gerald-PC" ignored="14" name="Default test" tests="1" failures="0" timestamp="04 Oct 2019 10:47:11 GMT" time="41.489" errors="0">
  <testcase name="Home_0025" time="37.319" classname="WOG.AppiumFramework.HomeTest"/>
  <testcase name="Home_0008" time="0.0" classname="WOG.AppiumFramework.HomeTest">
    <ignored/>
  </testcase> <!-- Home_0008 -->
  <testcase name="Home_0012" time="0.0" classname="WOG.AppiumFramework.HomeTest">
    <ignored/>
  </testcase> <!-- Home_0012 -->
  <testcase name="Home_0001" time="0.0" classname="WOG.AppiumFramework.HomeTest">
    <ignored/>
  </testcase> <!-- Home_0001 -->
  <testcase name="Home_0024" time="0.0" classname="WOG.AppiumFramework.HomeTest">
    <ignored/>
  </testcase> <!-- Home_0024 -->
  <testcase name="Home_0002" time="0.0" classname="WOG.AppiumFramework.HomeTest">
    <ignored/>
  </testcase> <!-- Home_0002 -->
  <testcase name="Home_0013" time="0.0" classname="WOG.AppiumFramework.HomeTest">
    <ignored/>
  </testcase> <!-- Home_0013 -->
  <testcase name="Home_0005" time="0.0" classname="WOG.AppiumFramework.HomeTest">
    <ignored/>
  </testcase> <!-- Home_0005 -->
  <testcase name="Home_0006" time="0.0" classname="WOG.AppiumFramework.HomeTest">
    <ignored/>
  </testcase> <!-- Home_0006 -->
  <testcase name="Home_0017" time="0.0" classname="WOG.AppiumFramework.HomeTest">
    <ignored/>
  </testcase> <!-- Home_0017 -->
  <testcase name="Home_0003" time="0.0" classname="WOG.AppiumFramework.HomeTest">
    <ignored/>
  </testcase> <!-- Home_0003 -->
  <testcase name="Home_0014" time="0.0" classname="WOG.AppiumFramework.HomeTest">
    <ignored/>
  </testcase> <!-- Home_0014 -->
  <testcase name="Home_0015" time="0.0" classname="WOG.AppiumFramework.HomeTest">
    <ignored/>
  </testcase> <!-- Home_0015 -->
  <testcase name="Home_0004" time="0.0" classname="WOG.AppiumFramework.HomeTest">
    <ignored/>
  </testcase> <!-- Home_0004 -->
  <testcase name="Home_0020" time="0.0" classname="WOG.AppiumFramework.HomeTest">
    <ignored/>
  </testcase> <!-- Home_0020 -->
</testsuite> <!-- Default test -->
