<?xml version="1.0" encoding="UTF-8"?>
<!-- Generated by org.testng.reporters.JUnitXMLReporter -->
<testsuite ignored="15" hostname="Gerald-PC" failures="0" tests="1" name="Oh Jobs PH Mobile and Website Flow" time="34.968" errors="0" timestamp="2020-02-21T19:00:32 SGT">
  <testcase classname="OhJobsPHTest.OhJobsPhTest" name="jobseekerSelectJobPreferenceWeb" time="17.799"/>
  <testcase classname="OhJobsPHTest.OhJobsPhTest" name="loginAsEmployer" time="0.0">
    <ignored/>
  </testcase> <!-- loginAsEmployer -->
  <testcase classname="OhJobsPHTest.OhJobsPhTest" name="jobseekerAddSkillsWeb" time="0.0">
    <ignored/>
  </testcase> <!-- jobseekerAddSkillsWeb -->
  <testcase classname="OhJobsPHTest.OhJobsPhTest" name="jobseekerSignUpWeb" time="0.0">
    <ignored/>
  </testcase> <!-- jobseekerSignUpWeb -->
  <testcase classname="OhJobsPHTest.OhJobsPhTest" name="Check" time="0.0">
    <ignored/>
  </testcase> <!-- Check -->
  <testcase classname="OhJobsPHTest.OhJobsPhTest" name="verifyEmail" time="0.0">
    <ignored/>
  </testcase> <!-- verifyEmail -->
  <testcase classname="OhJobsPHTest.OhJobsPhTest" name="webmasterApproveJobPost" time="0.0">
    <ignored/>
  </testcase> <!-- webmasterApproveJobPost -->
  <testcase classname="OhJobsPHTest.OhJobsPhTest" name="jobseekerEditIntroductionWeb" time="0.0">
    <ignored/>
  </testcase> <!-- jobseekerEditIntroductionWeb -->
  <testcase classname="OhJobsPHTest.OhJobsPhTest" name="testlang" time="0.0">
    <ignored/>
  </testcase> <!-- testlang -->
  <testcase classname="OhJobsPHTest.OhJobsPhTest" name="employerAddJob" time="0.0">
    <ignored/>
  </testcase> <!-- employerAddJob -->
  <testcase classname="OhJobsPHTest.OhJobsPhTest" name="jobseekerAddWorkExperience" time="0.0">
    <ignored/>
  </testcase> <!-- jobseekerAddWorkExperience -->
  <testcase classname="OhJobsPHTest.OhJobsPhTest" name="jobseekerApplyJobOnMobile" time="0.0">
    <ignored/>
  </testcase> <!-- jobseekerApplyJobOnMobile -->
  <testcase classname="OhJobsPHTest.OhJobsPhTest" name="employerSignUp" time="0.0">
    <ignored/>
  </testcase> <!-- employerSignUp -->
  <testcase classname="OhJobsPHTest.OhJobsPhTest" name="jobseekerLoginWeb" time="0.0">
    <ignored/>
  </testcase> <!-- jobseekerLoginWeb -->
  <testcase classname="OhJobsPHTest.OhJobsPhTest" name="jobseekerAddEducationalBackgroundWeb" time="0.0">
    <ignored/>
  </testcase> <!-- jobseekerAddEducationalBackgroundWeb -->
  <testcase classname="OhJobsPHTest.OhJobsPhTest" name="jobseekerEditPersonalInformationWeb" time="0.0">
    <ignored/>
  </testcase> <!-- jobseekerEditPersonalInformationWeb -->
</testsuite> <!-- Oh Jobs PH Mobile and Website Flow -->
