<?xml version="1.0" encoding="UTF-8"?>
<testng-results skipped="0" failed="0" ignored="14" total="15" passed="1">
  <reporter-output>
  </reporter-output>
  <suite name="Default suite" duration-ms="41489" started-at="2019-10-04T10:46:29Z" finished-at="2019-10-04T10:47:11Z">
    <groups>
    </groups>
    <test name="Default test" duration-ms="41489" started-at="2019-10-04T10:46:29Z" finished-at="2019-10-04T10:47:11Z">
      <class name="WOG.AppiumFramework.HomeTest">
        <test-method status="PASS" signature="killAllNodes()[pri:0, instance:WOG.AppiumFramework.HomeTest@5ae63ade]" name="killAllNodes" is-config="true" duration-ms="3038" started-at="2019-10-04T10:46:29Z" finished-at="2019-10-04T10:46:32Z">
          <reporter-output>
          </reporter-output>
        </test-method> <!-- killAllNodes -->
        <test-method status="PASS" signature="Home_0025(java.lang.String, java.lang.String, java.lang.String)[pri:0, instance:WOG.AppiumFramework.HomeTest@5ae63ade]" name="Home_0025" duration-ms="37319" started-at="2019-10-04T10:46:33Z" data-provider="Home_0025" finished-at="2019-10-04T10:47:11Z">
          <params>
            <param index="0">
              <value>
                <![CDATA[marymary@gmail.com]]>
              </value>
            </param>
            <param index="1">
              <value>
                <![CDATA[adminadmin123]]>
              </value>
            </param>
            <param index="2">
              <value>
                <![CDATA[Mark Mark]]>
              </value>
            </param>
          </params>
          <reporter-output>
          </reporter-output>
        </test-method> <!-- Home_0025 -->
      </class> <!-- WOG.AppiumFramework.HomeTest -->
    </test> <!-- Default test -->
  </suite> <!-- Default suite -->
</testng-results>
